2026-07-15 10:51:02.288 Uvicorn server started on :::8501

  You can now view your Streamlit app in your browser.

  Local URL: http://localhost:8501
  Network URL: http://192.168.1.23:8501

  Help agents write better Streamlit apps?
  Install the official Streamlit skills by running streamlit skills in your terminal.

  For better performance, install the Watchdog module:

  $ xcode-select --install
  $ pip install watchdog
            
Fatal Python error: Segmentation fault

Current thread 0x0000000170863000 [ScriptRunner.scriptThread] (most recent call first):
  File "/Library/Frameworks/Python.framework/Versions/3.14/lib/python3.14/site-packages/pandas/core/arrays/arrow/array.py", line 1476 in factorize
  File "/Library/Frameworks/Python.framework/Versions/3.14/lib/python3.14/site-packages/pandas/core/algorithms.py", line 805 in factorize
  File "/Library/Frameworks/Python.framework/Versions/3.14/lib/python3.14/site-packages/pandas/core/groupby/grouper.py", line 680 in _codes_and_uniques
  File "/Library/Frameworks/Python.framework/Versions/3.14/lib/python3.14/site-packages/pandas/core/groupby/grouper.py", line 618 in uniques
  File "/Library/Frameworks/Python.framework/Versions/3.14/lib/python3.14/site-packages/pandas/core/groupby/ops.py", line 779 in result_index_and_ids
  File "/Library/Frameworks/Python.framework/Versions/3.14/lib/python3.14/site-packages/pandas/core/groupby/ops.py", line 770 in result_index
  File "/Library/Frameworks/Python.framework/Versions/3.14/lib/python3.14/site-packages/pandas/core/groupby/ops.py", line 766 in ngroups
  File "/Library/Frameworks/Python.framework/Versions/3.14/lib/python3.14/site-packages/pandas/core/groupby/ops.py", line 644 in _get_splitter
  File "/Library/Frameworks/Python.framework/Versions/3.14/lib/python3.14/site-packages/pandas/core/groupby/ops.py", line 624 in get_iterator
  File "/Users/afterlord/Documents/interview/Jendela360/speedhome-price-intel/data/processor.py", line 70 in build_price_summary
  File "/Users/afterlord/Documents/interview/Jendela360/speedhome-price-intel/app.py", line 225 in <module>
  File "/Library/Frameworks/Python.framework/Versions/3.14/lib/python3.14/site-packages/streamlit/runtime/scriptrunner/script_runner.py", line 795 in code_to_exec
  File "/Library/Frameworks/Python.framework/Versions/3.14/lib/python3.14/site-packages/streamlit/runtime/scriptrunner/exec_code.py", line 129 in exec_func_with_error_handling
  File "/Library/Frameworks/Python.framework/Versions/3.14/lib/python3.14/site-packages/streamlit/runtime/scriptrunner/script_runner.py", line 820 in _run_script
  File "/Library/Frameworks/Python.framework/Versions/3.14/lib/python3.14/site-packages/streamlit/runtime/scriptrunner/script_runner.py", line 418 in _run_script_thread
  File "/Library/Frameworks/Python.framework/Versions/3.14/lib/python3.14/threading.py", line 1024 in run
  File "/Library/Frameworks/Python.framework/Versions/3.14/lib/python3.14/threading.py", line 1082 in _bootstrap_inner
  File "/Library/Frameworks/Python.framework/Versions/3.14/lib/python3.14/threading.py", line 1044 in _bootstrap

Thread 0x0000000171987000 [ThreadPoolExecutor-0_3] (most recent call first):
  File "/Library/Frameworks/Python.framework/Versions/3.14/lib/python3.14/site-packages/streamlit/watcher/polling_path_watcher.py", line 90 in task
  File "/Library/Frameworks/Python.framework/Versions/3.14/lib/python3.14/concurrent/futures/thread.py", line 73 in run
  File "/Library/Frameworks/Python.framework/Versions/3.14/lib/python3.14/concurrent/futures/thread.py", line 86 in run
  File "/Library/Frameworks/Python.framework/Versions/3.14/lib/python3.14/concurrent/futures/thread.py", line 119 in _worker
  File "/Library/Frameworks/Python.framework/Versions/3.14/lib/python3.14/threading.py", line 1024 in run
  File "/Library/Frameworks/Python.framework/Versions/3.14/lib/python3.14/threading.py", line 1082 in _bootstrap_inner
  File "/Library/Frameworks/Python.framework/Versions/3.14/lib/python3.14/threading.py", line 1044 in _bootstrap

Thread 0x000000016f857000 [ThreadPoolExecutor-0_2] (most recent call first):
  File "/Library/Frameworks/Python.framework/Versions/3.14/lib/python3.14/site-packages/streamlit/watcher/polling_path_watcher.py", line 90 in task
  File "/Library/Frameworks/Python.framework/Versions/3.14/lib/python3.14/concurrent/futures/thread.py", line 73 in run
  File "/Library/Frameworks/Python.framework/Versions/3.14/lib/python3.14/concurrent/futures/thread.py", line 86 in run
  File "/Library/Frameworks/Python.framework/Versions/3.14/lib/python3.14/concurrent/futures/thread.py", line 119 in _worker
  File "/Library/Frameworks/Python.framework/Versions/3.14/lib/python3.14/threading.py", line 1024 in run
  File "/Library/Frameworks/Python.framework/Versions/3.14/lib/python3.14/threading.py", line 1082 in _bootstrap_inner
  File "/Library/Frameworks/Python.framework/Versions/3.14/lib/python3.14/threading.py", line 1044 in _bootstrap

Thread 0x000000016e84b000 [AnyIO worker thread] (most recent call first):
  File "/Library/Frameworks/Python.framework/Versions/3.14/lib/python3.14/threading.py", line 369 in wait
  File "/Library/Frameworks/Python.framework/Versions/3.14/lib/python3.14/queue.py", line 199 in get
  File "/Library/Frameworks/Python.framework/Versions/3.14/lib/python3.14/site-packages/anyio/_backends/_asyncio.py", line 1022 in run
  File "/Library/Frameworks/Python.framework/Versions/3.14/lib/python3.14/threading.py", line 1082 in _bootstrap_inner
  File "/Library/Frameworks/Python.framework/Versions/3.14/lib/python3.14/threading.py", line 1044 in _bootstrap

Thread 0x000000016d83f000 [ThreadPoolExecutor-0_1] (most recent call first):
  File "/Library/Frameworks/Python.framework/Versions/3.14/lib/python3.14/site-packages/streamlit/watcher/polling_path_watcher.py", line 90 in task
  File "/Library/Frameworks/Python.framework/Versions/3.14/lib/python3.14/concurrent/futures/thread.py", line 73 in run
  File "/Library/Frameworks/Python.framework/Versions/3.14/lib/python3.14/concurrent/futures/thread.py", line 86 in run
  File "/Library/Frameworks/Python.framework/Versions/3.14/lib/python3.14/concurrent/futures/thread.py", line 119 in _worker
  File "/Library/Frameworks/Python.framework/Versions/3.14/lib/python3.14/threading.py", line 1024 in run
  File "/Library/Frameworks/Python.framework/Versions/3.14/lib/python3.14/threading.py", line 1082 in _bootstrap_inner
  File "/Library/Frameworks/Python.framework/Versions/3.14/lib/python3.14/threading.py", line 1044 in _bootstrap

Thread 0x000000016c833000 [ThreadPoolExecutor-0_0] (most recent call first):
  File "/Library/Frameworks/Python.framework/Versions/3.14/lib/python3.14/site-packages/streamlit/watcher/polling_path_watcher.py", line 90 in task
  File "/Library/Frameworks/Python.framework/Versions/3.14/lib/python3.14/concurrent/futures/thread.py", line 73 in run
  File "/Library/Frameworks/Python.framework/Versions/3.14/lib/python3.14/concurrent/futures/thread.py", line 86 in run
  File "/Library/Frameworks/Python.framework/Versions/3.14/lib/python3.14/concurrent/futures/thread.py", line 119 in _worker
  File "/Library/Frameworks/Python.framework/Versions/3.14/lib/python3.14/threading.py", line 1024 in run
  File "/Library/Frameworks/Python.framework/Versions/3.14/lib/python3.14/threading.py", line 1082 in _bootstrap_inner
  File "/Library/Frameworks/Python.framework/Versions/3.14/lib/python3.14/threading.py", line 1044 in _bootstrap

Thread 0x00000001fb94b840 (most recent call first):
  File "/Library/Frameworks/Python.framework/Versions/3.14/lib/python3.14/site-packages/streamlit/runtime/runtime.py", line 757 in _send_message
  File "/Library/Frameworks/Python.framework/Versions/3.14/lib/python3.14/site-packages/streamlit/runtime/runtime.py", line 676 in _loop_coroutine
  File "/Library/Frameworks/Python.framework/Versions/3.14/lib/python3.14/asyncio/events.py", line 94 in _run
  File "/Library/Frameworks/Python.framework/Versions/3.14/lib/python3.14/asyncio/base_events.py", line 2018 in _run_once
  File "/Library/Frameworks/Python.framework/Versions/3.14/lib/python3.14/asyncio/base_events.py", line 677 in run_forever
  File "/Library/Frameworks/Python.framework/Versions/3.14/lib/python3.14/asyncio/base_events.py", line 706 in run_until_complete
  File "/Library/Frameworks/Python.framework/Versions/3.14/lib/python3.14/asyncio/runners.py", line 128 in run
  File "/Library/Frameworks/Python.framework/Versions/3.14/lib/python3.14/asyncio/runners.py", line 205 in run
  File "/Library/Frameworks/Python.framework/Versions/3.14/lib/python3.14/site-packages/streamlit/web/bootstrap.py", line 466 in run
  File "/Library/Frameworks/Python.framework/Versions/3.14/lib/python3.14/site-packages/streamlit/web/cli.py", line 432 in _main_run
  File "/Library/Frameworks/Python.framework/Versions/3.14/lib/python3.14/site-packages/streamlit/web/cli.py", line 358 in main_run
  File "/Library/Frameworks/Python.framework/Versions/3.14/lib/python3.14/site-packages/click/core.py", line 907 in invoke
  File "/Library/Frameworks/Python.framework/Versions/3.14/lib/python3.14/site-packages/click/core.py", line 1353 in invoke
  File "/Library/Frameworks/Python.framework/Versions/3.14/lib/python3.14/site-packages/click/core.py", line 1970 in invoke
  File "/Library/Frameworks/Python.framework/Versions/3.14/lib/python3.14/site-packages/click/core.py", line 1490 in main
  File "/Library/Frameworks/Python.framework/Versions/3.14/lib/python3.14/site-packages/click/core.py", line 1569 in __call__
  File "/Library/Frameworks/Python.framework/Versions/3.14/bin/streamlit", line 6 in <module>

Current thread's C stack trace (most recent call first):
  Binary file "/Library/Frameworks/Python.framework/Versions/3.14/Python", at _Py_DumpStack+0x48 [0x105730fa4]
  Binary file "/Library/Frameworks/Python.framework/Versions/3.14/Python", at faulthandler_dump_c_stack+0x58 [0x10574512c]
  Binary file "/Library/Frameworks/Python.framework/Versions/3.14/Python", at faulthandler_fatal_error+0x17c [0x10574506c]
  Binary file "/usr/lib/system/libsystem_platform.dylib", at _sigtramp+0x38 [0x19686c184]
  Binary file "/Library/Frameworks/Python.framework/Versions/3.14/lib/python3.14/site-packages/pyarrow/libarrow.2500.dylib", at mi_thread_init+0x3bc [0x11cfc5928]
  Binary file "/Library/Frameworks/Python.framework/Versions/3.14/lib/python3.14/site-packages/pyarrow/libarrow.2500.dylib", at mi_thread_init+0x3bc [0x11cfc5928]
  Binary file "/Library/Frameworks/Python.framework/Versions/3.14/lib/python3.14/site-packages/pyarrow/libarrow.2500.dylib", at _mi_malloc_generic+0x1d0 [0x11cfcb8e0]
  Binary file "/Library/Frameworks/Python.framework/Versions/3.14/lib/python3.14/site-packages/pyarrow/libarrow.2500.dylib", at mi_theap_malloc_zero_aligned_at_generic+0x8c [0x11cfbd1e8]
  Binary file "/Library/Frameworks/Python.framework/Versions/3.14/lib/python3.14/site-packages/pyarrow/libarrow.2500.dylib", at _ZN5arrow12_GLOBAL__N_117MimallocAllocator15AllocateAlignedExxPPh+0x24 [0x11c854cfc]
  Binary file "/Library/Frameworks/Python.framework/Versions/3.14/lib/python3.14/site-packages/pyarrow/libarrow.2500.dylib", at _ZN5arrow18BaseMemoryPoolImplINS_12_GLOBAL__N_117MimallocAllocatorEE8AllocateExxPPh+0x38 [0x11c852928]
  Binary file "/Library/Frameworks/Python.framework/Versions/3.14/lib/python3.14/site-packages/pyarrow/libarrow.2500.dylib", at _ZN5arrow10PoolBuffer7ReserveEx+0xf0 [0x11c853e38]
  Binary file "/Library/Frameworks/Python.framework/Versions/3.14/lib/python3.14/site-packages/pyarrow/libarrow.2500.dylib", at _ZN5arrow10PoolBuffer6ResizeExb+0x74 [0x11c853be4]
  Binary file "/Library/Frameworks/Python.framework/Versions/3.14/lib/python3.14/site-packages/pyarrow/libarrow.2500.dylib", at _ZN5arrow23AllocateResizableBufferExxPNS_10MemoryPoolE+0x38 [0x11c8520e0]
  Binary file "/Library/Frameworks/Python.framework/Versions/3.14/lib/python3.14/site-packages/pyarrow/libarrow.2500.dylib", at _ZN5arrow13BufferBuilder6ResizeExb+0x70 [0x11c035ea0]
  Binary file "/Library/Frameworks/Python.framework/Versions/3.14/lib/python3.14/site-packages/pyarrow/libarrow.2500.dylib", at _ZN5arrow8internal9HashTableINS0_15BinaryMemoTableINS_18LargeBinaryBuilderEE7PayloadEEC2EPNS_10MemoryPoolEy+0x84 [0x11c2dd6d8]
  Binary file "/Library/Frameworks/Python.framework/Versions/3.14/lib/python3.14/site-packages/pyarrow/libarrow.2500.dylib", at _ZN5arrow8internal15BinaryMemoTableINS_18LargeBinaryBuilderEEC2EPNS_10MemoryPoolExx+0x48 [0x11c2dd210]
  Binary file "/Library/Frameworks/Python.framework/Versions/3.14/lib/python3.14/site-packages/pyarrow/libarrow.2500.dylib", at _ZN5arrow7compute8internal12_GLOBAL__N_117RegularHashKernelINS_15LargeBinaryTypeENS2_16DictEncodeActionENSt3__117basic_string_viewIcNS6_11char_traitsIcEEEELb0EE5ResetEv+0x34 [0x11c4e7514]
  Binary file "/Library/Frameworks/Python.framework/Versions/3.14/lib/python3.14/site-packages/pyarrow/libarrow.2500.dylib", at _ZN5arrow7compute8internal12_GLOBAL__N_18HashInitINS2_17RegularHashKernelINS_15LargeBinaryTypeENS2_16DictEncodeActionENSt3__117basic_string_viewIcNS7_11char_traitsIcEEEELb0EEEEENS_6ResultINS7_10unique_ptrINS0_11KernelStateENS7_14default_deleteISF_EEEEEEPNS0_13KernelContextERKNS0_14KernelInitArgsE+0x114 [0x11c4e2d3c]
  Binary file "/Library/Frameworks/Python.framework/Versions/3.14/lib/python3.14/site-packages/pyarrow/libarrow.2500.dylib", at _ZN5arrow7compute6detail20FunctionExecutorImpl10KernelInitEPKNS0_15FunctionOptionsE+0xd0 [0x11c5a68c4]
  Binary file "/Library/Frameworks/Python.framework/Versions/3.14/lib/python3.14/site-packages/pyarrow/libarrow.2500.dylib", at _ZN5arrow7compute12_GLOBAL__N_115ExecuteInternalERKNS0_8FunctionENSt3__16vectorINS_5DatumENS5_9allocatorIS7_EEEExPKNS0_15FunctionOptionsEPNS0_11ExecContextE+0x130 [0x11c52c108]
  Binary file "/Library/Frameworks/Python.framework/Versions/3.14/lib/python3.14/site-packages/pyarrow/libarrow.2500.dylib", at _ZNK5arrow7compute8Function7ExecuteERKNSt3__16vectorINS_5DatumENS2_9allocatorIS4_EEEEPKNS0_15FunctionOptionsEPNS0_11ExecContextE+0x4c [0x11c52bf40]
  Binary file "/Library/Frameworks/Python.framework/Versions/3.14/lib/python3.14/site-packages/pyarrow/_compute.cpython-314-darwin.so", at _ZL43__pyx_pw_7pyarrow_8_compute_8Function_7callP7_objectPKS0_lS0_+0x748 [0x10e310530]
  Binary file "/Library/Frameworks/Python.framework/Versions/3.14/Python", at _PyObject_VectorcallTstate.832+0x50 [0x10547a144]
  Binary file "/Library/Frameworks/Python.framework/Versions/3.14/Python", at PyObject_VectorcallMethod+0x1b0 [0x10547d634]
  Binary file "/Library/Frameworks/Python.framework/Versions/3.14/lib/python3.14/site-packages/pyarrow/_compute.cpython-314-darwin.so", at _ZL43__pyx_pw_7pyarrow_8_compute_11call_functionP7_objectPKS0_lS0_+0x6c8 [0x10e3483c4]
  Binary file "/Library/Frameworks/Python.framework/Versions/3.14/Python", at _PyObject_VectorcallTstate.832+0x50 [0x10547a144]
  Binary file "/Library/Frameworks/Python.framework/Versions/3.14/Python", at PyObject_VectorcallMethod+0x1b0 [0x10547d634]
  Binary file "/Library/Frameworks/Python.framework/Versions/3.14/lib/python3.14/site-packages/pyarrow/lib.cpython-314-darwin.so", at _ZL57__pyx_pw_7pyarrow_3lib_12ChunkedArray_50dictionary_encodeP7_objectPKS0_lS0_+0x424 [0x10a269994]
  Binary file "/Library/Frameworks/Python.framework/Versions/3.14/Python", at _PyEval_EvalFrameDefault+0x2626c [0x10561b8bc]
  Binary file "/Library/Frameworks/Python.framework/Versions/3.14/Python", at _PyEval_Vector+0x240 [0x1055f2b84]
  Binary file "/Library/Frameworks/Python.framework/Versions/3.14/lib/python3.14/site-packages/pandas/_libs/properties.cpython-314-darwin.so", at __pyx_tp_descr_get_6pandas_5_libs_10properties_CachedProperty+0x738 [0x10a13b968]
  Binary file "/Library/Frameworks/Python.framework/Versions/3.14/Python", at PyObject_GenericGetAttr+0x4a8 [0x105500798]
  <truncated rest of calls>

Extension modules: google._upb._message, httptools.parser.parser, httptools.parser.url_parser, websockets.speedups, numpy._core._multiarray_umath, numpy.linalg._umath_linalg, pyarrow.lib, numpy.random._common, numpy.random.bit_generator, numpy.random._bounded_integers, numpy.random._pcg64, numpy.random._generator, numpy.random._mt19937, numpy.random._philox, numpy.random._sfc64, numpy.random.mtrand, _cyutility, pandas._libs._cyutility, pandas._libs.tslibs.ccalendar, pandas._libs.tslibs.np_datetime, pandas._libs.tslibs.dtypes, pandas._libs.tslibs.base, pandas._libs.tslibs.nattype, pandas._libs.tslibs.timezones, pandas._libs.properties, pandas._libs.tslibs.fields, pandas._libs.tslibs.timedeltas, pandas._libs.tslibs.tzconversion, pandas._libs.tslibs.timestamps, pandas._libs.tslibs.offsets, pandas._libs.tslibs.strptime, pandas._libs.tslibs.parsing, pandas._libs.tslibs.conversion, pandas._libs.tslibs.period, pandas._libs.tslibs.vectorized, pandas._libs.ops_dispatch, pandas._libs.missing, pandas._libs.hashtable, pandas._libs.algos, pandas._libs.interval, pandas._libs.lib, pyarrow._compute, pandas._libs.ops, pandas._libs.hashing, pandas._libs.arrays, pandas._libs.tslib, pandas._libs.sparse, pandas._libs.internals, pandas._libs.indexing, pandas._libs.index, pandas._libs.writers, pandas._libs.join, pandas._libs.window.aggregations, pandas._libs.window.indexers, pandas._libs.reshape, pandas._libs.groupby, pandas._libs.json, pandas._libs.parsers, pandas._libs.testing, charset_normalizer.md, charset_normalizer.cd, requests.packages.charset_normalizer.md, requests.packages.chardet.md, requests.packages.charset_normalizer.cd, requests.packages.chardet.cd, lxml._elementpath, lxml.etree, PIL._imaging (total: 68)
